<?xml version="1.0" encoding="utf-8"?>
<!DOCTYPE coverage SYSTEM "http://cobertura.sourceforge.net/xml/coverage-04.dtd">
<coverage line-rate="1" branch-rate="0.8823529411764706" lines-covered="214" lines-valid="214" branches-covered="60" branches-valid="68" complexity="89" version="0" timestamp="1688846086">
  <sources>
    <source>D:\Prson\proj\gic\MyBank\</source>
  </sources>
  <packages>
    <package name="MyBank" line-rate="1" branch-rate="0.8823529411764706" complexity="89">
      <classes>
        <class name="MyBank.Infrastructure.BankingService" filename="D:\Prson\proj\gic\MyBank\Services\BankingService.cs" line-rate="1" branch-rate="0.8823529411764706" complexity="70">
          <methods>
            <method name="PrintStatement" signature="(System.String)" line-rate="1" branch-rate="1" complexity="12">
              <lines>
                <line number="22" hits="4" branch="false" />
                <line number="24" hits="4" branch="false" />
                <line number="25" hits="4" branch="true" condition-coverage="100% (2/2)" />
                <line number="26" hits="1" branch="false" />
                <line number="27" hits="1" branch="false" />
                <line number="30" hits="3" branch="false" />
                <line number="31" hits="3" branch="false" />
                <line number="32" hits="3" branch="false" />
                <line number="34" hits="3" branch="false" />
                <line number="35" hits="3" branch="true" condition-coverage="100% (2/2)" />
                <line number="36" hits="1" branch="false" />
                <line number="37" hits="1" branch="false" />
                <line number="38" hits="1" branch="false" />
                <line number="41" hits="2" branch="false" />
                <line number="42" hits="2" branch="true" condition-coverage="100% (2/2)" />
                <line number="43" hits="2" branch="false" />
                <line number="44" hits="2" branch="false" />
                <line number="45" hits="2" branch="false" />
                <line number="46" hits="2" branch="false" />
                <line number="47" hits="2" branch="false" />
                <line number="48" hits="2" branch="false" />
                <line number="49" hits="2" branch="false" />
                <line number="50" hits="2" branch="false" />
                <line number="51" hits="2" branch="false" />
                <line number="52" hits="2" branch="false" />
                <line number="54" hits="6" branch="true" condition-coverage="100% (2/2)" />
                <line number="55" hits="2" branch="true" condition-coverage="100% (2/2)" />
                <line number="56" hits="1" branch="false" />
                <line number="57" hits="1" branch="false" />
                <line number="58" hits="1" branch="false" />
                <line number="59" hits="2" branch="false" />
                <line number="60" hits="2" branch="false" />
                <line number="61" hits="2" branch="false" />
                <line number="62" hits="2" branch="false" />
                <line number="64" hits="7" branch="false" />
                <line number="65" hits="16" branch="true" condition-coverage="100% (2/2)" />
                <line number="66" hits="5" branch="false" />
                <line number="68" hits="5" branch="false" />
                <line number="69" hits="5" branch="false" />
                <line number="70" hits="5" branch="false" />
                <line number="71" hits="5" branch="false" />
                <line number="72" hits="5" branch="false" />
                <line number="73" hits="5" branch="false" />
                <line number="74" hits="5" branch="false" />
                <line number="75" hits="5" branch="false" />
                <line number="76" hits="5" branch="false" />
                <line number="77" hits="5" branch="false" />
                <line number="78" hits="2" branch="false" />
                <line number="79" hits="2" branch="false" />
                <line number="80" hits="2" branch="false" />
                <line number="82" hits="4" branch="false" />
              </lines>
            </method>
            <method name="DefineInterestRules" signature="(System.String)" line-rate="1" branch-rate="0.8" complexity="10">
              <lines>
                <line number="85" hits="4" branch="false" />
                <line number="86" hits="4" branch="false" />
                <line number="87" hits="4" branch="true" condition-coverage="100% (2/2)" />
                <line number="88" hits="1" branch="false" />
                <line number="89" hits="1" branch="false" />
                <line number="92" hits="3" branch="false" />
                <line number="93" hits="3" branch="false" />
                <line number="94" hits="3" branch="false" />
                <line number="97" hits="3" branch="true" condition-coverage="67% (4/6)" />
                <line number="98" hits="1" branch="false" />
                <line number="99" hits="1" branch="false" />
                <line number="100" hits="1" branch="false" />
                <line number="102" hits="2" branch="true" condition-coverage="100% (2/2)" />
                <line number="103" hits="1" branch="false" />
                <line number="104" hits="1" branch="false" />
                <line number="105" hits="1" branch="false" />
                <line number="106" hits="1" branch="false" />
                <line number="107" hits="1" branch="false" />
                <line number="108" hits="1" branch="false" />
                <line number="109" hits="1" branch="false" />
                <line number="110" hits="1" branch="false" />
                <line number="111" hits="1" branch="false" />
                <line number="112" hits="1" branch="false" />
                <line number="114" hits="1" branch="false" />
                <line number="115" hits="1" branch="false" />
                <line number="116" hits="1" branch="false" />
                <line number="118" hits="1" branch="false" />
                <line number="119" hits="1" branch="false" />
                <line number="120" hits="1" branch="false" />
                <line number="121" hits="4" branch="false" />
              </lines>
            </method>
            <method name="InputTransactions" signature="(System.String)" line-rate="1" branch-rate="0.9" complexity="20">
              <lines>
                <line number="126" hits="7" branch="false" />
                <line number="127" hits="7" branch="false" />
                <line number="128" hits="7" branch="true" condition-coverage="100% (2/2)" />
                <line number="129" hits="1" branch="false" />
                <line number="130" hits="1" branch="false" />
                <line number="133" hits="6" branch="false" />
                <line number="136" hits="6" branch="false" />
                <line number="137" hits="6" branch="false" />
                <line number="138" hits="6" branch="false" />
                <line number="141" hits="6" branch="true" condition-coverage="75% (3/4)" />
                <line number="142" hits="1" branch="false" />
                <line number="143" hits="1" branch="false" />
                <line number="144" hits="1" branch="false" />
                <line number="147" hits="5" branch="true" condition-coverage="100% (2/2)" />
                <line number="148" hits="1" branch="false" />
                <line number="149" hits="1" branch="false" />
                <line number="150" hits="1" branch="false" />
                <line number="151" hits="4" branch="false" />
                <line number="152" hits="4" branch="false" />
                <line number="153" hits="4" branch="true" condition-coverage="100% (2/2)" />
                <line number="154" hits="1" branch="false" />
                <line number="155" hits="1" branch="false" />
                <line number="156" hits="1" branch="false" />
                <line number="157" hits="1" branch="false" />
                <line number="158" hits="1" branch="false" />
                <line number="160" hits="4" branch="true" condition-coverage="100% (4/4)" />
                <line number="161" hits="1" branch="false" />
                <line number="162" hits="1" branch="false" />
                <line number="163" hits="1" branch="false" />
                <line number="166" hits="3" branch="true" condition-coverage="100% (4/4)" />
                <line number="167" hits="1" branch="false" />
                <line number="168" hits="1" branch="false" />
                <line number="169" hits="1" branch="false" />
                <line number="172" hits="2" branch="false" />
                <line number="173" hits="2" branch="false" />
                <line number="174" hits="2" branch="false" />
                <line number="175" hits="2" branch="false" />
                <line number="176" hits="2" branch="false" />
                <line number="177" hits="2" branch="false" />
                <line number="178" hits="2" branch="false" />
                <line number="179" hits="2" branch="false" />
                <line number="181" hits="2" branch="false" />
                <line number="182" hits="2" branch="true" condition-coverage="50% (1/2)" />
                <line number="184" hits="2" branch="false" />
                <line number="185" hits="2" branch="false" />
                <line number="186" hits="2" branch="false" />
                <line number="189" hits="7" branch="false" />
              </lines>
            </method>
            <method name="CalculateInterest" signature="(MyBank.Infrastructure.Data.Models.Account,System.String)" line-rate="1" branch-rate="0.625" complexity="8">
              <lines>
                <line number="192" hits="2" branch="false" />
                <line number="193" hits="2" branch="false" />
                <line number="194" hits="2" branch="false" />
                <line number="195" hits="2" branch="false" />
                <line number="196" hits="2" branch="false" />
                <line number="197" hits="2" branch="false" />
                <line number="198" hits="8" branch="true" condition-coverage="100% (2/2)" />
                <line number="199" hits="2" branch="false" />
                <line number="200" hits="2" branch="false" />
                <line number="201" hits="2" branch="true" condition-coverage="50% (1/2)" />
                <line number="202" hits="2" branch="true" condition-coverage="50% (1/2)" />
                <line number="203" hits="2" branch="true" condition-coverage="50% (1/2)" />
                <line number="204" hits="2" branch="false" />
                <line number="205" hits="2" branch="false" />
                <line number="206" hits="2" branch="false" />
                <line number="207" hits="2" branch="false" />
                <line number="208" hits="2" branch="false" />
                <line number="210" hits="2" branch="false" />
                <line number="211" hits="2" branch="false" />
              </lines>
            </method>
            <method name="GenerateTransactionId" signature="(System.String,MyBank.Infrastructure.Data.Models.Account)" line-rate="1" branch-rate="0.875" complexity="8">
              <lines>
                <line number="213" hits="2" branch="false" />
                <line number="214" hits="2" branch="false" />
                <line number="216" hits="8" branch="true" condition-coverage="100% (2/2)" />
                <line number="217" hits="1" branch="false" />
                <line number="218" hits="1" branch="true" condition-coverage="75% (3/4)" />
                <line number="219" hits="1" branch="false" />
                <line number="220" hits="1" branch="false" />
                <line number="221" hits="1" branch="true" condition-coverage="100% (2/2)" />
                <line number="222" hits="1" branch="false" />
                <line number="223" hits="1" branch="false" />
                <line number="224" hits="1" branch="false" />
                <line number="225" hits="1" branch="false" />
                <line number="226" hits="1" branch="false" />
                <line number="227" hits="2" branch="false" />
                <line number="228" hits="2" branch="false" />
              </lines>
            </method>
            <method name="GetBalance" signature="(MyBank.Infrastructure.Data.Models.Account,System.String)" line-rate="1" branch-rate="1" complexity="4">
              <lines>
                <line number="231" hits="7" branch="false" />
                <line number="232" hits="7" branch="false" />
                <line number="233" hits="24" branch="false" />
                <line number="234" hits="19" branch="false" />
                <line number="235" hits="45" branch="true" condition-coverage="100% (2/2)" />
                <line number="236" hits="12" branch="false" />
                <line number="237" hits="12" branch="true" condition-coverage="100% (2/2)" />
                <line number="238" hits="12" branch="false" />
                <line number="239" hits="7" branch="false" />
                <line number="240" hits="7" branch="false" />
              </lines>
            </method>
            <method name="IsValidDate" signature="(System.String)" line-rate="1" branch-rate="1" complexity="1">
              <lines>
                <line number="242" hits="7" branch="false" />
                <line number="244" hits="7" branch="false" />
                <line number="245" hits="7" branch="false" />
                <line number="246" hits="7" branch="false" />
                <line number="247" hits="7" branch="false" />
                <line number="248" hits="7" branch="false" />
                <line number="249" hits="7" branch="false" />
                <line number="250" hits="7" branch="false" />
              </lines>
            </method>
            <method name="ValidateInput" signature="(System.String,System.Int32)" line-rate="1" branch-rate="1" complexity="6">
              <lines>
                <line number="253" hits="15" branch="false" />
                <line number="254" hits="15" branch="false" />
                <line number="255" hits="15" branch="false" />
                <line number="256" hits="15" branch="false" />
                <line number="257" hits="15" branch="false" />
                <line number="259" hits="227" branch="true" condition-coverage="100% (6/6)" />
                <line number="260" hits="3" branch="false" />
                <line number="261" hits="3" branch="false" />
                <line number="262" hits="3" branch="false" />
                <line number="265" hits="12" branch="false" />
                <line number="266" hits="15" branch="false" />
              </lines>
            </method>
            <method name=".ctor" signature="(MyBank.Infrastructure.Data.IMyBankDbContext)" line-rate="1" branch-rate="1" complexity="1">
              <lines>
                <line number="16" hits="15" branch="false" />
                <line number="17" hits="15" branch="false" />
                <line number="18" hits="15" branch="false" />
                <line number="19" hits="15" branch="false" />
              </lines>
            </method>
          </methods>
          <lines>
            <line number="16" hits="15" branch="false" />
            <line number="17" hits="15" branch="false" />
            <line number="18" hits="15" branch="false" />
            <line number="19" hits="15" branch="false" />
            <line number="22" hits="4" branch="false" />
            <line number="24" hits="4" branch="false" />
            <line number="25" hits="4" branch="true" condition-coverage="100% (2/2)" />
            <line number="26" hits="1" branch="false" />
            <line number="27" hits="1" branch="false" />
            <line number="30" hits="3" branch="false" />
            <line number="31" hits="3" branch="false" />
            <line number="32" hits="3" branch="false" />
            <line number="34" hits="3" branch="false" />
            <line number="35" hits="3" branch="true" condition-coverage="100% (2/2)" />
            <line number="36" hits="1" branch="false" />
            <line number="37" hits="1" branch="false" />
            <line number="38" hits="1" branch="false" />
            <line number="41" hits="2" branch="false" />
            <line number="42" hits="2" branch="true" condition-coverage="100% (2/2)" />
            <line number="43" hits="2" branch="false" />
            <line number="44" hits="2" branch="false" />
            <line number="45" hits="2" branch="false" />
            <line number="46" hits="2" branch="false" />
            <line number="47" hits="2" branch="false" />
            <line number="48" hits="2" branch="false" />
            <line number="49" hits="2" branch="false" />
            <line number="50" hits="2" branch="false" />
            <line number="51" hits="2" branch="false" />
            <line number="52" hits="2" branch="false" />
            <line number="54" hits="6" branch="true" condition-coverage="100% (2/2)" />
            <line number="55" hits="2" branch="true" condition-coverage="100% (2/2)" />
            <line number="56" hits="1" branch="false" />
            <line number="57" hits="1" branch="false" />
            <line number="58" hits="1" branch="false" />
            <line number="59" hits="2" branch="false" />
            <line number="60" hits="2" branch="false" />
            <line number="61" hits="2" branch="false" />
            <line number="62" hits="2" branch="false" />
            <line number="64" hits="7" branch="false" />
            <line number="65" hits="16" branch="true" condition-coverage="100% (2/2)" />
            <line number="66" hits="5" branch="false" />
            <line number="68" hits="5" branch="false" />
            <line number="69" hits="5" branch="false" />
            <line number="70" hits="5" branch="false" />
            <line number="71" hits="5" branch="false" />
            <line number="72" hits="5" branch="false" />
            <line number="73" hits="5" branch="false" />
            <line number="74" hits="5" branch="false" />
            <line number="75" hits="5" branch="false" />
            <line number="76" hits="5" branch="false" />
            <line number="77" hits="5" branch="false" />
            <line number="78" hits="2" branch="false" />
            <line number="79" hits="2" branch="false" />
            <line number="80" hits="2" branch="false" />
            <line number="82" hits="4" branch="false" />
            <line number="85" hits="4" branch="false" />
            <line number="86" hits="4" branch="false" />
            <line number="87" hits="4" branch="true" condition-coverage="100% (2/2)" />
            <line number="88" hits="1" branch="false" />
            <line number="89" hits="1" branch="false" />
            <line number="92" hits="3" branch="false" />
            <line number="93" hits="3" branch="false" />
            <line number="94" hits="3" branch="false" />
            <line number="97" hits="3" branch="true" condition-coverage="67% (4/6)" />
            <line number="98" hits="1" branch="false" />
            <line number="99" hits="1" branch="false" />
            <line number="100" hits="1" branch="false" />
            <line number="102" hits="2" branch="true" condition-coverage="100% (2/2)" />
            <line number="103" hits="1" branch="false" />
            <line number="104" hits="1" branch="false" />
            <line number="105" hits="1" branch="false" />
            <line number="106" hits="1" branch="false" />
            <line number="107" hits="1" branch="false" />
            <line number="108" hits="1" branch="false" />
            <line number="109" hits="1" branch="false" />
            <line number="110" hits="1" branch="false" />
            <line number="111" hits="1" branch="false" />
            <line number="112" hits="1" branch="false" />
            <line number="114" hits="1" branch="false" />
            <line number="115" hits="1" branch="false" />
            <line number="116" hits="1" branch="false" />
            <line number="118" hits="1" branch="false" />
            <line number="119" hits="1" branch="false" />
            <line number="120" hits="1" branch="false" />
            <line number="121" hits="4" branch="false" />
            <line number="126" hits="7" branch="false" />
            <line number="127" hits="7" branch="false" />
            <line number="128" hits="7" branch="true" condition-coverage="100% (2/2)" />
            <line number="129" hits="1" branch="false" />
            <line number="130" hits="1" branch="false" />
            <line number="133" hits="6" branch="false" />
            <line number="136" hits="6" branch="false" />
            <line number="137" hits="6" branch="false" />
            <line number="138" hits="6" branch="false" />
            <line number="141" hits="6" branch="true" condition-coverage="75% (3/4)" />
            <line number="142" hits="1" branch="false" />
            <line number="143" hits="1" branch="false" />
            <line number="144" hits="1" branch="false" />
            <line number="147" hits="5" branch="true" condition-coverage="100% (2/2)" />
            <line number="148" hits="1" branch="false" />
            <line number="149" hits="1" branch="false" />
            <line number="150" hits="1" branch="false" />
            <line number="151" hits="4" branch="false" />
            <line number="152" hits="4" branch="false" />
            <line number="153" hits="4" branch="true" condition-coverage="100% (2/2)" />
            <line number="154" hits="1" branch="false" />
            <line number="155" hits="1" branch="false" />
            <line number="156" hits="1" branch="false" />
            <line number="157" hits="1" branch="false" />
            <line number="158" hits="1" branch="false" />
            <line number="160" hits="4" branch="true" condition-coverage="100% (4/4)" />
            <line number="161" hits="1" branch="false" />
            <line number="162" hits="1" branch="false" />
            <line number="163" hits="1" branch="false" />
            <line number="166" hits="3" branch="true" condition-coverage="100% (4/4)" />
            <line number="167" hits="1" branch="false" />
            <line number="168" hits="1" branch="false" />
            <line number="169" hits="1" branch="false" />
            <line number="172" hits="2" branch="false" />
            <line number="173" hits="2" branch="false" />
            <line number="174" hits="2" branch="false" />
            <line number="175" hits="2" branch="false" />
            <line number="176" hits="2" branch="false" />
            <line number="177" hits="2" branch="false" />
            <line number="178" hits="2" branch="false" />
            <line number="179" hits="2" branch="false" />
            <line number="181" hits="2" branch="false" />
            <line number="182" hits="2" branch="true" condition-coverage="50% (1/2)" />
            <line number="184" hits="2" branch="false" />
            <line number="185" hits="2" branch="false" />
            <line number="186" hits="2" branch="false" />
            <line number="189" hits="7" branch="false" />
            <line number="192" hits="2" branch="false" />
            <line number="193" hits="2" branch="false" />
            <line number="194" hits="2" branch="false" />
            <line number="195" hits="2" branch="false" />
            <line number="196" hits="2" branch="false" />
            <line number="197" hits="2" branch="false" />
            <line number="198" hits="8" branch="true" condition-coverage="100% (2/2)" />
            <line number="199" hits="2" branch="false" />
            <line number="200" hits="2" branch="false" />
            <line number="201" hits="2" branch="true" condition-coverage="50% (1/2)" />
            <line number="202" hits="2" branch="true" condition-coverage="50% (1/2)" />
            <line number="203" hits="2" branch="true" condition-coverage="50% (1/2)" />
            <line number="204" hits="2" branch="false" />
            <line number="205" hits="2" branch="false" />
            <line number="206" hits="2" branch="false" />
            <line number="207" hits="2" branch="false" />
            <line number="208" hits="2" branch="false" />
            <line number="210" hits="2" branch="false" />
            <line number="211" hits="2" branch="false" />
            <line number="213" hits="2" branch="false" />
            <line number="214" hits="2" branch="false" />
            <line number="216" hits="8" branch="true" condition-coverage="100% (2/2)" />
            <line number="217" hits="1" branch="false" />
            <line number="218" hits="1" branch="true" condition-coverage="75% (3/4)" />
            <line number="219" hits="1" branch="false" />
            <line number="220" hits="1" branch="false" />
            <line number="221" hits="1" branch="true" condition-coverage="100% (2/2)" />
            <line number="222" hits="1" branch="false" />
            <line number="223" hits="1" branch="false" />
            <line number="224" hits="1" branch="false" />
            <line number="225" hits="1" branch="false" />
            <line number="226" hits="1" branch="false" />
            <line number="227" hits="2" branch="false" />
            <line number="228" hits="2" branch="false" />
            <line number="231" hits="7" branch="false" />
            <line number="232" hits="7" branch="false" />
            <line number="233" hits="24" branch="false" />
            <line number="234" hits="19" branch="false" />
            <line number="235" hits="45" branch="true" condition-coverage="100% (2/2)" />
            <line number="236" hits="12" branch="false" />
            <line number="237" hits="12" branch="true" condition-coverage="100% (2/2)" />
            <line number="238" hits="12" branch="false" />
            <line number="239" hits="7" branch="false" />
            <line number="240" hits="7" branch="false" />
            <line number="242" hits="7" branch="false" />
            <line number="244" hits="7" branch="false" />
            <line number="245" hits="7" branch="false" />
            <line number="246" hits="7" branch="false" />
            <line number="247" hits="7" branch="false" />
            <line number="248" hits="7" branch="false" />
            <line number="249" hits="7" branch="false" />
            <line number="250" hits="7" branch="false" />
            <line number="253" hits="15" branch="false" />
            <line number="254" hits="15" branch="false" />
            <line number="255" hits="15" branch="false" />
            <line number="256" hits="15" branch="false" />
            <line number="257" hits="15" branch="false" />
            <line number="259" hits="227" branch="true" condition-coverage="100% (6/6)" />
            <line number="260" hits="3" branch="false" />
            <line number="261" hits="3" branch="false" />
            <line number="262" hits="3" branch="false" />
            <line number="265" hits="12" branch="false" />
            <line number="266" hits="15" branch="false" />
          </lines>
        </class>
        <class name="MyBank.Infrastructure.Data.Models.Account" filename="D:\Prson\proj\gic\MyBank\Infrastructure\Models\Account.cs" line-rate="1" branch-rate="1" complexity="3">
          <methods>
            <method name="get_AccountNumber" signature="()" line-rate="1" branch-rate="1" complexity="1">
              <lines>
                <line number="14" hits="13" branch="false" />
              </lines>
            </method>
            <method name="get_Transactions" signature="()" line-rate="1" branch-rate="1" complexity="1">
              <lines>
                <line number="15" hits="36" branch="false" />
              </lines>
            </method>
            <method name="get_Balance" signature="()" line-rate="1" branch-rate="1" complexity="1">
              <lines>
                <line number="16" hits="5" branch="false" />
              </lines>
            </method>
          </methods>
          <lines>
            <line number="14" hits="13" branch="false" />
            <line number="15" hits="36" branch="false" />
            <line number="16" hits="5" branch="false" />
          </lines>
        </class>
        <class name="MyBank.Infrastructure.Data.Models.InterestRule" filename="D:\Prson\proj\gic\MyBank\Infrastructure\Models\InterestRule.cs" line-rate="1" branch-rate="1" complexity="3">
          <methods>
            <method name="get_RuleId" signature="()" line-rate="1" branch-rate="1" complexity="1">
              <lines>
                <line number="13" hits="5" branch="false" />
              </lines>
            </method>
            <method name="get_Date" signature="()" line-rate="1" branch-rate="1" complexity="1">
              <lines>
                <line number="14" hits="12" branch="false" />
              </lines>
            </method>
            <method name="get_Rate" signature="()" line-rate="1" branch-rate="1" complexity="1">
              <lines>
                <line number="15" hits="7" branch="false" />
              </lines>
            </method>
          </methods>
          <lines>
            <line number="13" hits="5" branch="false" />
            <line number="14" hits="12" branch="false" />
            <line number="15" hits="7" branch="false" />
          </lines>
        </class>
        <class name="MyBank.Infrastructure.Data.Models.Transaction" filename="D:\Prson\proj\gic\MyBank\Infrastructure\Models\Transaction.cs" line-rate="1" branch-rate="1" complexity="5">
          <methods>
            <method name="get_Id" signature="()" line-rate="1" branch-rate="1" complexity="1">
              <lines>
                <line number="13" hits="15" branch="false" />
              </lines>
            </method>
            <method name="get_Date" signature="()" line-rate="1" branch-rate="1" complexity="1">
              <lines>
                <line number="14" hits="59" branch="false" />
              </lines>
            </method>
            <method name="get_Account" signature="()" line-rate="1" branch-rate="1" complexity="1">
              <lines>
                <line number="15" hits="12" branch="false" />
              </lines>
            </method>
            <method name="get_Type" signature="()" line-rate="1" branch-rate="1" complexity="1">
              <lines>
                <line number="16" hits="34" branch="false" />
              </lines>
            </method>
            <method name="get_Amount" signature="()" line-rate="1" branch-rate="1" complexity="1">
              <lines>
                <line number="17" hits="30" branch="false" />
              </lines>
            </method>
          </methods>
          <lines>
            <line number="13" hits="15" branch="false" />
            <line number="14" hits="59" branch="false" />
            <line number="15" hits="12" branch="false" />
            <line number="16" hits="34" branch="false" />
            <line number="17" hits="30" branch="false" />
          </lines>
        </class>
        <class name="MyBank.Services.Models.ReturnDto`1" filename="D:\Prson\proj\gic\MyBank\Services\Models\ReturnDto.cs" line-rate="1" branch-rate="1" complexity="3">
          <methods>
            <method name="get_IsValid" signature="()" line-rate="1" branch-rate="1" complexity="1">
              <lines>
                <line number="12" hits="35" branch="false" />
              </lines>
            </method>
            <method name="get_Message" signature="()" line-rate="1" branch-rate="1" complexity="1">
              <lines>
                <line number="13" hits="39" branch="false" />
              </lines>
            </method>
            <method name="get_Values" signature="()" line-rate="1" branch-rate="1" complexity="1">
              <lines>
                <line number="14" hits="29" branch="false" />
              </lines>
            </method>
          </methods>
          <lines>
            <line number="12" hits="35" branch="false" />
            <line number="13" hits="39" branch="false" />
            <line number="14" hits="29" branch="false" />
          </lines>
        </class>
        <class name="MyBank.Services.Models.TransactionDto" filename="D:\Prson\proj\gic\MyBank\Services\Models\TransactionDto.cs" line-rate="1" branch-rate="1" complexity="5">
          <methods>
            <method name="get_Id" signature="()" line-rate="1" branch-rate="1" complexity="1">
              <lines>
                <line number="12" hits="6" branch="false" />
              </lines>
            </method>
            <method name="get_Date" signature="()" line-rate="1" branch-rate="1" complexity="1">
              <lines>
                <line number="13" hits="7" branch="false" />
              </lines>
            </method>
            <method name="get_Type" signature="()" line-rate="1" branch-rate="1" complexity="1">
              <lines>
                <line number="14" hits="9" branch="false" />
              </lines>
            </method>
            <method name="get_Amount" signature="()" line-rate="1" branch-rate="1" complexity="1">
              <lines>
                <line number="15" hits="7" branch="false" />
              </lines>
            </method>
            <method name="get_Balance" signature="()" line-rate="1" branch-rate="1" complexity="1">
              <lines>
                <line number="16" hits="5" branch="false" />
              </lines>
            </method>
          </methods>
          <lines>
            <line number="12" hits="6" branch="false" />
            <line number="13" hits="7" branch="false" />
            <line number="14" hits="9" branch="false" />
            <line number="15" hits="7" branch="false" />
            <line number="16" hits="5" branch="false" />
          </lines>
        </class>
      </classes>
    </package>
  </packages>
</coverage>